Determining if the C compiler works failed with the following output:
c:/Program Files/MATLAB/R2009a/bin/win32/gmake -f CMakeFiles/cmTryCompileExec.dir/build.make CMakeFiles/cmTryCompileExec.dir/build
gmake[1]: Entering directory `C:/cygwin/home/jglov/wg_stuff/eigen/CMakeFiles/CMakeTmp'
/usr/bin/cmake.exe -E cmake_progress_report /home/jglov/wg_stuff/eigen/CMakeFiles/CMakeTmp/CMakeFiles 1
gmake[1]: Leaving directory `C:/cygwin/home/jglov/wg_stuff/eigen/CMakeFiles/CMakeTmp'
process_begin: CreateProcess(NULL, /usr/bin/cmake.exe -E cmake_progress_report /home/jglov/wg_stuff/eigen/CMakeFiles/CMakeTmp/CMakeFiles 1, ...) failed.
make (e=3): The system cannot find the path specified.
gmake[1]: *** [CMakeFiles/cmTryCompileExec.dir/testCCompiler.o] Error 3
gmake: *** [cmTryCompileExec/fast] Error 2


